<?xml version="1.0" encoding="UTF-8"?>
<!-- Generated by org.testng.reporters.JUnitReportReporter -->
<testsuite hostname="LAPTOP-ONCE98CT" failures="0" tests="1" name="day1.Program2Test" time="18.430" errors="0" timestamp="2023-11-30T10:32:40 IST" skipped="0">
  <testcase classname="day1.Program2Test" name="test" time="18.430"/>
</testsuite> <!-- day1.Program2Test -->
